#
# There is insufficient memory for the Java Runtime Environment to continue.
# Native memory allocation (malloc) failed to allocate 1048576 bytes for AllocateHeap
# Possible reasons:
#   The system is out of physical RAM or swap space
#   In 32 bit mode, the process size limit was hit
# Possible solutions:
#   Reduce memory load on the system
#   Increase physical memory or swap space
#   Check if swap backing store is full
#   Use 64 bit Java on a 64 bit OS
#   Decrease Java heap size (-Xmx/-Xms)
#   Decrease number of Java threads
#   Decrease Java thread stack sizes (-Xss)
#   Set larger code cache with -XX:ReservedCodeCacheSize=
# This output file may be truncated or incomplete.
#
#  Out of Memory Error (memory/allocation.inline.hpp:61), pid=22072, tid=0x0000000000002b28
#
# JRE version:  (8.0) (build )
# Java VM: OpenJDK 64-Bit Server VM (25.71-b00 mixed mode windows-amd64 compressed oops)
# Failed to write core dump. Minidumps are not enabled by default on client versions of Windows
#

---------------  T H R E A D  ---------------

Current thread (0x0000000002fe5000):  JavaThread "Unknown thread" [_thread_in_vm, id=11048, stack(0x0000000002ee0000,0x0000000002fe0000)]

Stack: [0x0000000002ee0000,0x0000000002fe0000]
[error occurred during error reporting (printing stack bounds), id 0xc0000005]

Native frames: (J=compiled Java code, j=interpreted, Vv=VM code, C=native code)


---------------  P R O C E S S  ---------------

Java Threads: ( => current thread )

Other Threads:

=>0x0000000002fe5000 (exited) JavaThread "Unknown thread" [_thread_in_vm, id=11048, stack(0x0000000002ee0000,0x0000000002fe0000)]

VM state:not at safepoint (normal execution)

VM Mutex/Monitor currently owned by a thread: None

Heap:
 PSYoungGen      total 76288K, used 1310K [0x000000076b200000, 0x0000000770700000, 0x00000007c0000000)
  eden space 65536K, 2% used [0x000000076b200000,0x000000076b347af0,0x000000076f200000)
  from space 10752K, 0% used [0x000000076fc80000,0x000000076fc80000,0x0000000770700000)
  to   space 10752K, 0% used [0x000000076f200000,0x000000076f200000,0x000000076fc80000)
 ParOldGen       total 175104K, used 0K [0x00000006c1600000, 0x00000006cc100000, 0x000000076b200000)
  object space 175104K, 0% used [0x00000006c1600000,0x00000006c1600000,0x00000006cc100000)
 Metaspace       used 777K, capacity 4480K, committed 4480K, reserved 1056768K
  class space    used 74K, capacity 384K, committed 384K, reserved 1048576K

Card table byte_map: [0x00000000124a0000,0x0000000012ca0000] byte_map_base: 0x000000000ee95000

Marking Bits: (ParMarkBitMap*) 0x000000007484be50
 Begin Bits: [0x00000000139f0000, 0x0000000017998000)
 End Bits:   [0x0000000017998000, 0x000000001b940000)

Polling page: 0x0000000002d70000

CodeCache: size=245760Kb used=327Kb max_used=327Kb free=245432Kb
 bounds [0x00000000030e0000, 0x0000000003350000, 0x00000000120e0000]
 total_blobs=56 nmethods=0 adapters=38
 compilation: enabled

Compilation events (0 events):
No events

GC Heap History (0 events):
No events

Deoptimization events (0 events):
No events

Classes redefined (0 events):
No events

Internal exceptions (0 events):
No events

Events (10 events):
Event: 0.016 loading class java/lang/Short
Event: 0.016 loading class java/lang/Short done
Event: 0.016 loading class java/lang/Integer
Event: 0.016 loading class java/lang/Integer done
Event: 0.016 loading class java/lang/Long
Event: 0.016 loading class java/lang/Long done
Event: 0.017 loading class java/lang/NullPointerException
Event: 0.017 loading class java/lang/NullPointerException done
Event: 0.017 loading class java/lang/ArithmeticException
Event: 0.017 loading class java/lang/ArithmeticException done


Dynamic libraries:
0x00007ff7f6220000 - 0x00007ff7f6255000 	D:\Program Files (x86)\Unity\Editor\2021.3.15f1\Editor\Data\PlaybackEngines\AndroidPlayer\OpenJDK\bin\java.exe
0x00007ff9f8930000 - 0x00007ff9f8b44000 	C:\Windows\SYSTEM32\ntdll.dll
0x00007ff9f81c0000 - 0x00007ff9f8284000 	C:\Windows\System32\KERNEL32.DLL
0x00007ff9f5da0000 - 0x00007ff9f6144000 	C:\Windows\System32\KERNELBASE.dll
0x00007ff9f6c60000 - 0x00007ff9f6d10000 	C:\Windows\System32\ADVAPI32.dll
0x00007ff9f8340000 - 0x00007ff9f83e7000 	C:\Windows\System32\msvcrt.dll
0x00007ff9f8290000 - 0x00007ff9f8336000 	C:\Windows\System32\sechost.dll
0x00007ff9f6b10000 - 0x00007ff9f6c27000 	C:\Windows\System32\RPCRT4.dll
0x00007ff9f6d20000 - 0x00007ff9f6ece000 	C:\Windows\System32\USER32.dll
0x00007ff9f65f0000 - 0x00007ff9f6616000 	C:\Windows\System32\win32u.dll
0x00007ff9f6ed0000 - 0x00007ff9f6ef9000 	C:\Windows\System32\GDI32.dll
0x00007ff9f61d0000 - 0x00007ff9f62e8000 	C:\Windows\System32\gdi32full.dll
0x00007ff9f6620000 - 0x00007ff9f66ba000 	C:\Windows\System32\msvcp_win.dll
0x00007ff9f62f0000 - 0x00007ff9f6401000 	C:\Windows\System32\ucrtbase.dll
0x00007ff9e9390000 - 0x00007ff9e9623000 	C:\Windows\WinSxS\amd64_microsoft.windows.common-controls_6595b64144ccf1df_6.0.22621.2215_none_270d72677387dfc3\COMCTL32.dll
0x00007ff9f6fb0000 - 0x00007ff9f6fe1000 	C:\Windows\System32\IMM32.DLL
0x00000000748d0000 - 0x00000000749a2000 	D:\Program Files (x86)\Unity\Editor\2021.3.15f1\Editor\Data\PlaybackEngines\AndroidPlayer\OpenJDK\jre\bin\msvcr100.dll
0x0000000074080000 - 0x00000000748c9000 	D:\Program Files (x86)\Unity\Editor\2021.3.15f1\Editor\Data\PlaybackEngines\AndroidPlayer\OpenJDK\jre\bin\server\jvm.dll
0x00007ff9f7c50000 - 0x00007ff9f7c58000 	C:\Windows\System32\PSAPI.DLL
0x00007ff953fc0000 - 0x00007ff953fc9000 	C:\Windows\SYSTEM32\WSOCK32.dll
0x00007ff9eebe0000 - 0x00007ff9eebea000 	C:\Windows\SYSTEM32\VERSION.dll
0x00007ff9f83f0000 - 0x00007ff9f8461000 	C:\Windows\System32\WS2_32.dll
0x00007ff9ecf40000 - 0x00007ff9ecf74000 	C:\Windows\SYSTEM32\WINMM.dll
0x00007ff9b6420000 - 0x00007ff9b642f000 	D:\Program Files (x86)\Unity\Editor\2021.3.15f1\Editor\Data\PlaybackEngines\AndroidPlayer\OpenJDK\jre\bin\verify.dll
0x00007ff9b63f0000 - 0x00007ff9b6419000 	D:\Program Files (x86)\Unity\Editor\2021.3.15f1\Editor\Data\PlaybackEngines\AndroidPlayer\OpenJDK\jre\bin\java.dll
0x00007ff990620000 - 0x00007ff990636000 	D:\Program Files (x86)\Unity\Editor\2021.3.15f1\Editor\Data\PlaybackEngines\AndroidPlayer\OpenJDK\jre\bin\zip.dll

VM Arguments:
jvm_args: -Dfile.encoding=UTF-8 -Dcom.android.sdklib.toolsdir=D:\Program Files (x86)\Unity\Editor\2021.3.15f1\Editor\Data\PlaybackEngines\AndroidPlayer\SDK\tools\bin\\.. 
java_command: com.android.sdklib.tool.sdkmanager.SdkManagerCli --list
java_class_path (initial): D:\Program Files (x86)\Unity\Editor\2021.3.15f1\Editor\Data\PlaybackEngines\AndroidPlayer\SDK\tools\bin\..\lib\dvlib-26.0.0-dev.jar;D:\Program Files (x86)\Unity\Editor\2021.3.15f1\Editor\Data\PlaybackEngines\AndroidPlayer\SDK\tools\bin\..\lib\jimfs-1.1.jar;D:\Program Files (x86)\Unity\Editor\2021.3.15f1\Editor\Data\PlaybackEngines\AndroidPlayer\SDK\tools\bin\..\lib\jsr305-1.3.9.jar;D:\Program Files (x86)\Unity\Editor\2021.3.15f1\Editor\Data\PlaybackEngines\AndroidPlayer\SDK\tools\bin\..\lib\repository-26.0.0-dev.jar;D:\Program Files (x86)\Unity\Editor\2021.3.15f1\Editor\Data\PlaybackEngines\AndroidPlayer\SDK\tools\bin\..\lib\j2objc-annotations-1.1.jar;D:\Program Files (x86)\Unity\Editor\2021.3.15f1\Editor\Data\PlaybackEngines\AndroidPlayer\SDK\tools\bin\..\lib\layoutlib-api-26.0.0-dev.jar;D:\Program Files (x86)\Unity\Editor\2021.3.15f1\Editor\Data\PlaybackEngines\AndroidPlayer\SDK\tools\bin\..\lib\gson-2.3.jar;D:\Program Files (x86)\Unity\Editor\2021.3.15f1\Editor\Data\PlaybackEngines\AndroidPlayer\SDK\tools\bin\..\lib\httpcore-4.2.5.jar;D:\Program Files (x86)\Unity\Editor\2021.3.15f1\Editor\Data\PlaybackEngines\AndroidPlayer\SDK\tools\bin\..\lib\commons-logging-1.1.1.jar;D:\Program Files (x86)\Unity\Editor\2021.3.15f1\Editor\Data\PlaybackEngines\AndroidPlayer\SDK\tools\bin\..\lib\commons-compress-1.12.jar;D:\Program Files (x86)\Unity\Editor\2021.3.15f1\Editor\Data\PlaybackEngines\AndroidPlayer\SDK\tools\bin\..\lib\annotations-26.0.0-dev.jar;D:\Program Files (x86)\Unity\Editor\2021.3.15f1\Editor\Data\PlaybackEngines\AndroidPlayer\SDK\tools\bin\..\lib\error_prone_annotations-2.0.18.jar;D:\Program Files (x86)\Unity\Editor\2021.3.15f1\Editor\Data\PlaybackEngines\AndroidPlayer\SDK\tools\bin\..\lib\animal-sniffer-annotations-1.14.jar;D:\Program Files (x86)\Unity\Editor\2021.3.15f1\Editor\Data\PlaybackEngines\AndroidPlayer\SDK\tools\bin\..\lib\httpclient-4.2.6.jar;D:\Program Files (x86)\Unity\Editor\2021.3.15f1\Editor\Data\PlaybackEngines\Andr
Launcher Type: SUN_STANDARD

Environment Variables:
JAVA_HOME=D:\Program Files (x86)\Unity\Editor\2021.3.15f1\Editor\Data\PlaybackEngines\AndroidPlayer\OpenJDK
JAVA_TOOL_OPTIONS=-Dfile.encoding=UTF-8
PATH=d:\devkitPro\msys2\usr\bin;C:\Program Files (x86)\Common Files\Intel\Shared Libraries\redist\intel64_win\compiler;C:\Program Files\Common Files\Oracle\Java\javapath;D:\Program Files (x86)\Unity\Plastic\server;D:\Program Files (x86)\Unity\Plastic\client;C:\Windows\system32;C:\Windows;C:\Windows\System32\Wbem;C:\Windows\System32\WindowsPowerShell\v1.0\;C:\Windows\System32\OpenSSH\;C:\Program Files\dotnet\;D:\Program Files (x86)\WorldPainter;C:\Program Files\NVIDIA Corporation\NVIDIA NvDLISR;C:\Program Files (x86)\NVIDIA Corporation\PhysX\Common;C:\Users\vlyon\AppData\Local\Microsoft\WindowsApps;;D:\Program Files (x86)\Microsoft VS Code\bin;C:\Users\vlyon\.dotnet\tools
USERNAME=vlyon
OS=Windows_NT
PROCESSOR_IDENTIFIER=AMD64 Family 23 Model 24 Stepping 1, AuthenticAMD



---------------  S Y S T E M  ---------------

OS: Windows 10.0 , 64 bit Build 22621 (10.0.22621.2215)

CPU:total 8 (initial active 8) (8 cores per cpu, 1 threads per core) family 23 model 24 stepping 1, cmov, cx8, fxsr, mmx, sse, sse2, sse3, ssse3, sse4.1, sse4.2, popcnt, avx, avx2, aes, clmul, mmxext, 3dnowpref, lzcnt, sse4a, tsc, tscinvbit, tscinv, bmi1

Memory: 4k page, physical 16686924k(5786044k free), swap 18784076k(5276k free)

vm_info: OpenJDK 64-Bit Server VM (25.71-b00) for windows-amd64 JRE (1.8.0-adoptopenjdk-_2018_05_19_00_59-b00), built on May 19 2018 01:02:12 by "jenkins" with MS VC++ 10.0 (VS2010)

time: Sat Oct 07 16:25:58 2023
elapsed time: 0 seconds (0d 0h 0m 0s)

