#
# There is insufficient memory for the Java Runtime Environment to continue.
# Native memory allocation (malloc) failed to allocate 434896 bytes for Chunk::new
# Possible reasons:
#   The system is out of physical RAM or swap space
#   In 32 bit mode, the process size limit was hit
# Possible solutions:
#   Reduce memory load on the system
#   Increase physical memory or swap space
#   Check if swap backing store is full
#   Use 64 bit Java on a 64 bit OS
#   Decrease Java heap size (-Xmx/-Xms)
#   Decrease number of Java threads
#   Decrease Java thread stack sizes (-Xss)
#   Set larger code cache with -XX:ReservedCodeCacheSize=
# This output file may be truncated or incomplete.
#
#  Out of Memory Error (allocation.cpp:390), pid=23080, tid=0x0000000000006150
#
# JRE version: OpenJDK Runtime Environment (8.0) (build 1.8.0-adoptopenjdk-_2018_05_19_00_59-b00)
# Java VM: OpenJDK 64-Bit Server VM (25.71-b00 mixed mode windows-amd64 compressed oops)
# Failed to write core dump. Minidumps are not enabled by default on client versions of Windows
#

---------------  T H R E A D  ---------------

Current thread (0x000000001e324000):  JavaThread "C2 CompilerThread0" daemon [_thread_in_native, id=24912, stack(0x000000001eb20000,0x000000001ec20000)]

Stack: [0x000000001eb20000,0x000000001ec20000]
[error occurred during error reporting (printing stack bounds), id 0xc0000005]

Native frames: (J=compiled Java code, j=interpreted, Vv=VM code, C=native code)


Current CompileTask:
C2:    759 1162       4       java.io.WinNTFileSystem::normalize (231 bytes)


---------------  P R O C E S S  ---------------

Java Threads: ( => current thread )
  0x000000001e3c3000 JavaThread "Service Thread" daemon [_thread_blocked, id=11472, stack(0x000000001ef20000,0x000000001f020000)]
  0x000000001e334800 JavaThread "C1 CompilerThread3" daemon [_thread_in_vm, id=2432, stack(0x000000001ee20000,0x000000001ef20000)]
  0x000000001e32e000 JavaThread "C2 CompilerThread2" daemon [_thread_in_native, id=9376, stack(0x000000001ed20000,0x000000001ee20000)]
  0x000000001e327800 JavaThread "C2 CompilerThread1" daemon [_thread_in_native, id=15532, stack(0x000000001ec20000,0x000000001ed20000)]
=>0x000000001e324000 JavaThread "C2 CompilerThread0" daemon [_thread_in_native, id=24912, stack(0x000000001eb20000,0x000000001ec20000)]
  0x000000001e323000 JavaThread "Attach Listener" daemon [_thread_blocked, id=18800, stack(0x000000001ea20000,0x000000001eb20000)]
  0x000000001e322000 JavaThread "Signal Dispatcher" daemon [_thread_blocked, id=3352, stack(0x000000001e920000,0x000000001ea20000)]
  0x00000000029bd800 JavaThread "Finalizer" daemon [_thread_blocked, id=22720, stack(0x000000001e6f0000,0x000000001e7f0000)]
  0x000000001c40b800 JavaThread "Reference Handler" daemon [_thread_blocked, id=21112, stack(0x000000001e1f0000,0x000000001e2f0000)]
  0x00000000028c5000 JavaThread "main" [_thread_in_Java, id=26420, stack(0x00000000026f0000,0x00000000027f0000)]

Other Threads:
  0x000000001c407800 VMThread [stack: 0x000000001e0f0000,0x000000001e1f0000] [id=7640]
  0x000000001e37e800 WatcherThread [stack: 0x000000001f020000,0x000000001f120000] [id=22964]

VM state:not at safepoint (normal execution)

VM Mutex/Monitor currently owned by a thread: None

Heap:
 PSYoungGen      total 76288K, used 26235K [0x000000076b200000, 0x0000000770700000, 0x00000007c0000000)
  eden space 65536K, 40% used [0x000000076b200000,0x000000076cb9efe0,0x000000076f200000)
  from space 10752K, 0% used [0x000000076fc80000,0x000000076fc80000,0x0000000770700000)
  to   space 10752K, 0% used [0x000000076f200000,0x000000076f200000,0x000000076fc80000)
 ParOldGen       total 175104K, used 0K [0x00000006c1600000, 0x00000006cc100000, 0x000000076b200000)
  object space 175104K, 0% used [0x00000006c1600000,0x00000006c1600000,0x00000006cc100000)
 Metaspace       used 13264K, capacity 13594K, committed 13824K, reserved 1060864K
  class space    used 1597K, capacity 1679K, committed 1792K, reserved 1048576K

Card table byte_map: [0x0000000011d80000,0x0000000012580000] byte_map_base: 0x000000000e775000

Marking Bits: (ParMarkBitMap*) 0x000000007484be50
 Begin Bits: [0x00000000132d0000, 0x0000000017278000)
 End Bits:   [0x0000000017278000, 0x000000001b220000)

Polling page: 0x0000000000ed0000

CodeCache: size=245760Kb used=4228Kb max_used=4228Kb free=241531Kb
 bounds [0x00000000029c0000, 0x0000000002df0000, 0x00000000119c0000]
 total_blobs=1577 nmethods=1208 adapters=283
 compilation: enabled

Compilation events (10 events):
Event: 0.757 Thread 0x000000001e334800 nmethod 1204 0x0000000002ddc950 code [0x0000000002ddcb80, 0x0000000002ddd7c8]
Event: 0.757 Thread 0x000000001e334800 1205       3       com.sun.org.apache.xerces.internal.util.XMLStringBuffer::<init> (7 bytes)
Event: 0.757 Thread 0x000000001e334800 nmethod 1205 0x0000000002ddde10 code [0x0000000002dddf80, 0x0000000002dde290]
Event: 0.757 Thread 0x000000001e334800 1207       3       com.sun.org.apache.xerces.internal.util.ParserConfigurationSettings::checkProperty (51 bytes)
Event: 0.758 Thread 0x000000001e334800 nmethod 1207 0x0000000002dde3d0 code [0x0000000002dde560, 0x0000000002ddea58]
Event: 0.758 Thread 0x000000001e334800 1209       1       java.nio.Buffer::remaining (10 bytes)
Event: 0.758 Thread 0x000000001e334800 nmethod 1209 0x0000000002ddebd0 code [0x0000000002dded20, 0x0000000002ddee30]
Event: 0.758 Thread 0x000000001e334800 1208       3       java.nio.Buffer::checkBounds (25 bytes)
Event: 0.758 Thread 0x000000001e334800 nmethod 1208 0x0000000002ddee90 code [0x0000000002ddf000, 0x0000000002ddf228]
Event: 0.758 Thread 0x000000001e334800 1210       3       com.sun.org.apache.xerces.internal.jaxp.validation.XMLSchemaValidatorComponentManager::getPropertyState (57 bytes)

GC Heap History (0 events):
No events

Deoptimization events (10 events):
Event: 0.371 Thread 0x00000000028c5000 Uncommon trap: reason=unstable_if action=reinterpret pc=0x0000000002b8b07c method=java.lang.String.indexOf([CII[CIII)I @ 3
Event: 0.398 Thread 0x00000000028c5000 Uncommon trap: reason=unstable_if action=reinterpret pc=0x0000000002bf890c method=java.util.HashMap.getNode(ILjava/lang/Object;)Ljava/util/HashMap$Node; @ 129
Event: 0.411 Thread 0x00000000028c5000 Uncommon trap: reason=range_check action=make_not_entrant pc=0x0000000002bfea68 method=sun.reflect.generics.parser.SignatureParser.current()C @ 34
Event: 0.524 Thread 0x00000000028c5000 Uncommon trap: reason=unstable_if action=reinterpret pc=0x0000000002ca7a38 method=java.io.DataInputStream.readUTF(Ljava/io/DataInput;)Ljava/lang/String; @ 31
Event: 0.532 Thread 0x00000000028c5000 Uncommon trap: reason=unstable_if action=reinterpret pc=0x0000000002c016c0 method=java.lang.AbstractStringBuilder.append(Ljava/lang/String;)Ljava/lang/AbstractStringBuilder; @ 1
Event: 0.564 Thread 0x00000000028c5000 Uncommon trap: reason=class_check action=maybe_recompile pc=0x0000000002cb47cc method=java.io.FilterInputStream.read()I @ 4
Event: 0.564 Thread 0x00000000028c5000 Uncommon trap: reason=class_check action=maybe_recompile pc=0x0000000002cb47cc method=java.io.FilterInputStream.read()I @ 4
Event: 0.564 Thread 0x00000000028c5000 Uncommon trap: reason=class_check action=maybe_recompile pc=0x0000000002cb47cc method=java.io.FilterInputStream.read()I @ 4
Event: 0.564 Thread 0x00000000028c5000 Uncommon trap: reason=class_check action=maybe_recompile pc=0x0000000002cb47cc method=java.io.FilterInputStream.read()I @ 4
Event: 0.588 Thread 0x00000000028c5000 Uncommon trap: reason=unstable_if action=reinterpret pc=0x0000000002be65a4 method=java.lang.AbstractStringBuilder.append(Ljava/lang/String;)Ljava/lang/AbstractStringBuilder; @ 1

Classes redefined (0 events):
No events

Internal exceptions (10 events):
Event: 0.733 Thread 0x00000000028c5000 Exception <a 'sun/nio/fs/WindowsException'> (0x000000076ca1f498) thrown at [C:\Users\jenkins\workspace\openjdk8_build_x86-64_windows\openjdk\hotspot\src\share\vm\prims\jni.cpp, line 709]
Event: 0.733 Thread 0x00000000028c5000 Exception <a 'sun/nio/fs/WindowsException'> (0x000000076ca20050) thrown at [C:\Users\jenkins\workspace\openjdk8_build_x86-64_windows\openjdk\hotspot\src\share\vm\prims\jni.cpp, line 709]
Event: 0.734 Thread 0x00000000028c5000 Exception <a 'sun/nio/fs/WindowsException'> (0x000000076ca21200) thrown at [C:\Users\jenkins\workspace\openjdk8_build_x86-64_windows\openjdk\hotspot\src\share\vm\prims\jni.cpp, line 709]
Event: 0.734 Thread 0x00000000028c5000 Exception <a 'sun/nio/fs/WindowsException'> (0x000000076ca219d8) thrown at [C:\Users\jenkins\workspace\openjdk8_build_x86-64_windows\openjdk\hotspot\src\share\vm\prims\jni.cpp, line 709]
Event: 0.734 Thread 0x00000000028c5000 Exception <a 'sun/nio/fs/WindowsException'> (0x000000076ca223a0) thrown at [C:\Users\jenkins\workspace\openjdk8_build_x86-64_windows\openjdk\hotspot\src\share\vm\prims\jni.cpp, line 709]
Event: 0.734 Thread 0x00000000028c5000 Exception <a 'sun/nio/fs/WindowsException'> (0x000000076ca22da8) thrown at [C:\Users\jenkins\workspace\openjdk8_build_x86-64_windows\openjdk\hotspot\src\share\vm\prims\jni.cpp, line 709]
Event: 0.734 Thread 0x00000000028c5000 Exception <a 'sun/nio/fs/WindowsException'> (0x000000076ca23528) thrown at [C:\Users\jenkins\workspace\openjdk8_build_x86-64_windows\openjdk\hotspot\src\share\vm\prims\jni.cpp, line 709]
Event: 0.734 Thread 0x00000000028c5000 Exception <a 'sun/nio/fs/WindowsException'> (0x000000076ca24090) thrown at [C:\Users\jenkins\workspace\openjdk8_build_x86-64_windows\openjdk\hotspot\src\share\vm\prims\jni.cpp, line 709]
Event: 0.734 Thread 0x00000000028c5000 Exception <a 'sun/nio/fs/WindowsException'> (0x000000076ca25808) thrown at [C:\Users\jenkins\workspace\openjdk8_build_x86-64_windows\openjdk\hotspot\src\share\vm\prims\jni.cpp, line 709]
Event: 0.734 Thread 0x00000000028c5000 Exception <a 'sun/nio/fs/WindowsException'> (0x000000076ca26000) thrown at [C:\Users\jenkins\workspace\openjdk8_build_x86-64_windows\openjdk\hotspot\src\share\vm\prims\jni.cpp, line 709]

Events (10 events):
Event: 0.719 loading class com/google/common/collect/ForwardingCollection
Event: 0.719 loading class com/google/common/collect/ForwardingCollection done
Event: 0.719 loading class com/google/common/collect/ForwardingObject
Event: 0.719 loading class com/google/common/collect/ForwardingObject done
Event: 0.736 Thread 0x00000000028c5000 DEOPT PACKING pc=0x0000000002b67d5c sp=0x00000000027ee290
Event: 0.736 Thread 0x00000000028c5000 DEOPT UNPACKING pc=0x0000000002a071d0 sp=0x00000000027ee108 mode 0
Event: 0.746 Thread 0x00000000028c5000 DEOPT PACKING pc=0x0000000002c73599 sp=0x00000000027ee5c0
Event: 0.746 Thread 0x00000000028c5000 DEOPT UNPACKING pc=0x0000000002a071d0 sp=0x00000000027ee448 mode 0
Event: 0.756 Thread 0x00000000028c5000 DEOPT PACKING pc=0x0000000002b67d5c sp=0x00000000027ee410
Event: 0.756 Thread 0x00000000028c5000 DEOPT UNPACKING pc=0x0000000002a071d0 sp=0x00000000027ee288 mode 0


Dynamic libraries:
0x00007ff7f6220000 - 0x00007ff7f6255000 	D:\Program Files (x86)\Unity\Editor\2021.3.15f1\Editor\Data\PlaybackEngines\AndroidPlayer\OpenJDK\bin\java.exe
0x00007ff9f8930000 - 0x00007ff9f8b44000 	C:\Windows\SYSTEM32\ntdll.dll
0x00007ff9f81c0000 - 0x00007ff9f8284000 	C:\Windows\System32\KERNEL32.DLL
0x00007ff9f5da0000 - 0x00007ff9f6144000 	C:\Windows\System32\KERNELBASE.dll
0x00007ff9f6c60000 - 0x00007ff9f6d10000 	C:\Windows\System32\ADVAPI32.dll
0x00007ff9f8340000 - 0x00007ff9f83e7000 	C:\Windows\System32\msvcrt.dll
0x00007ff9f8290000 - 0x00007ff9f8336000 	C:\Windows\System32\sechost.dll
0x00007ff9f6b10000 - 0x00007ff9f6c27000 	C:\Windows\System32\RPCRT4.dll
0x00007ff9f6d20000 - 0x00007ff9f6ece000 	C:\Windows\System32\USER32.dll
0x00007ff9f65f0000 - 0x00007ff9f6616000 	C:\Windows\System32\win32u.dll
0x00007ff9f6ed0000 - 0x00007ff9f6ef9000 	C:\Windows\System32\GDI32.dll
0x00007ff9f61d0000 - 0x00007ff9f62e8000 	C:\Windows\System32\gdi32full.dll
0x00007ff9f6620000 - 0x00007ff9f66ba000 	C:\Windows\System32\msvcp_win.dll
0x00007ff9f62f0000 - 0x00007ff9f6401000 	C:\Windows\System32\ucrtbase.dll
0x00007ff9e9390000 - 0x00007ff9e9623000 	C:\Windows\WinSxS\amd64_microsoft.windows.common-controls_6595b64144ccf1df_6.0.22621.2215_none_270d72677387dfc3\COMCTL32.dll
0x00007ff9f6fb0000 - 0x00007ff9f6fe1000 	C:\Windows\System32\IMM32.DLL
0x00000000748d0000 - 0x00000000749a2000 	D:\Program Files (x86)\Unity\Editor\2021.3.15f1\Editor\Data\PlaybackEngines\AndroidPlayer\OpenJDK\jre\bin\msvcr100.dll
0x0000000074080000 - 0x00000000748c9000 	D:\Program Files (x86)\Unity\Editor\2021.3.15f1\Editor\Data\PlaybackEngines\AndroidPlayer\OpenJDK\jre\bin\server\jvm.dll
0x00007ff9f7c50000 - 0x00007ff9f7c58000 	C:\Windows\System32\PSAPI.DLL
0x00007ff9ecf40000 - 0x00007ff9ecf74000 	C:\Windows\SYSTEM32\WINMM.dll
0x00007ff9eebe0000 - 0x00007ff9eebea000 	C:\Windows\SYSTEM32\VERSION.dll
0x00007ff953fc0000 - 0x00007ff953fc9000 	C:\Windows\SYSTEM32\WSOCK32.dll
0x00007ff9f83f0000 - 0x00007ff9f8461000 	C:\Windows\System32\WS2_32.dll
0x00007ff9b6420000 - 0x00007ff9b642f000 	D:\Program Files (x86)\Unity\Editor\2021.3.15f1\Editor\Data\PlaybackEngines\AndroidPlayer\OpenJDK\jre\bin\verify.dll
0x00007ff9b63f0000 - 0x00007ff9b6419000 	D:\Program Files (x86)\Unity\Editor\2021.3.15f1\Editor\Data\PlaybackEngines\AndroidPlayer\OpenJDK\jre\bin\java.dll
0x00007ff990620000 - 0x00007ff990636000 	D:\Program Files (x86)\Unity\Editor\2021.3.15f1\Editor\Data\PlaybackEngines\AndroidPlayer\OpenJDK\jre\bin\zip.dll
0x00007ff9f7280000 - 0x00007ff9f7aa3000 	C:\Windows\System32\SHELL32.dll
0x00007ff9f3c70000 - 0x00007ff9f455a000 	C:\Windows\SYSTEM32\windows.storage.dll
0x00007ff9f7e30000 - 0x00007ff9f81ba000 	C:\Windows\System32\combase.dll
0x00007ff9f3b30000 - 0x00007ff9f3c6e000 	C:\Windows\SYSTEM32\wintypes.dll
0x00007ff9f6720000 - 0x00007ff9f6813000 	C:\Windows\System32\SHCORE.dll
0x00007ff9f7220000 - 0x00007ff9f727e000 	C:\Windows\System32\shlwapi.dll
0x00007ff9f5c10000 - 0x00007ff9f5c36000 	C:\Windows\SYSTEM32\profapi.dll
0x00007ff95cf40000 - 0x00007ff95cf5a000 	D:\Program Files (x86)\Unity\Editor\2021.3.15f1\Editor\Data\PlaybackEngines\AndroidPlayer\OpenJDK\jre\bin\net.dll
0x00007ff9f52a0000 - 0x00007ff9f5309000 	C:\Windows\system32\mswsock.dll
0x00007ff957ba0000 - 0x00007ff957bb1000 	D:\Program Files (x86)\Unity\Editor\2021.3.15f1\Editor\Data\PlaybackEngines\AndroidPlayer\OpenJDK\jre\bin\nio.dll

VM Arguments:
jvm_args: -Dfile.encoding=UTF-8 -Dcom.android.sdklib.toolsdir=D:\Program Files (x86)\Unity\Editor\2021.3.15f1\Editor\Data\PlaybackEngines\AndroidPlayer\SDK\tools\bin\\.. 
java_command: com.android.sdklib.tool.sdkmanager.SdkManagerCli --list
java_class_path (initial): D:\Program Files (x86)\Unity\Editor\2021.3.15f1\Editor\Data\PlaybackEngines\AndroidPlayer\SDK\tools\bin\..\lib\dvlib-26.0.0-dev.jar;D:\Program Files (x86)\Unity\Editor\2021.3.15f1\Editor\Data\PlaybackEngines\AndroidPlayer\SDK\tools\bin\..\lib\jimfs-1.1.jar;D:\Program Files (x86)\Unity\Editor\2021.3.15f1\Editor\Data\PlaybackEngines\AndroidPlayer\SDK\tools\bin\..\lib\jsr305-1.3.9.jar;D:\Program Files (x86)\Unity\Editor\2021.3.15f1\Editor\Data\PlaybackEngines\AndroidPlayer\SDK\tools\bin\..\lib\repository-26.0.0-dev.jar;D:\Program Files (x86)\Unity\Editor\2021.3.15f1\Editor\Data\PlaybackEngines\AndroidPlayer\SDK\tools\bin\..\lib\j2objc-annotations-1.1.jar;D:\Program Files (x86)\Unity\Editor\2021.3.15f1\Editor\Data\PlaybackEngines\AndroidPlayer\SDK\tools\bin\..\lib\layoutlib-api-26.0.0-dev.jar;D:\Program Files (x86)\Unity\Editor\2021.3.15f1\Editor\Data\PlaybackEngines\AndroidPlayer\SDK\tools\bin\..\lib\gson-2.3.jar;D:\Program Files (x86)\Unity\Editor\2021.3.15f1\Editor\Data\PlaybackEngines\AndroidPlayer\SDK\tools\bin\..\lib\httpcore-4.2.5.jar;D:\Program Files (x86)\Unity\Editor\2021.3.15f1\Editor\Data\PlaybackEngines\AndroidPlayer\SDK\tools\bin\..\lib\commons-logging-1.1.1.jar;D:\Program Files (x86)\Unity\Editor\2021.3.15f1\Editor\Data\PlaybackEngines\AndroidPlayer\SDK\tools\bin\..\lib\commons-compress-1.12.jar;D:\Program Files (x86)\Unity\Editor\2021.3.15f1\Editor\Data\PlaybackEngines\AndroidPlayer\SDK\tools\bin\..\lib\annotations-26.0.0-dev.jar;D:\Program Files (x86)\Unity\Editor\2021.3.15f1\Editor\Data\PlaybackEngines\AndroidPlayer\SDK\tools\bin\..\lib\error_prone_annotations-2.0.18.jar;D:\Program Files (x86)\Unity\Editor\2021.3.15f1\Editor\Data\PlaybackEngines\AndroidPlayer\SDK\tools\bin\..\lib\animal-sniffer-annotations-1.14.jar;D:\Program Files (x86)\Unity\Editor\2021.3.15f1\Editor\Data\PlaybackEngines\AndroidPlayer\SDK\tools\bin\..\lib\httpclient-4.2.6.jar;D:\Program Files (x86)\Unity\Editor\2021.3.15f1\Editor\Data\PlaybackEngines\Andr
Launcher Type: SUN_STANDARD

Environment Variables:
JAVA_HOME=D:\Program Files (x86)\Unity\Editor\2021.3.15f1\Editor\Data\PlaybackEngines\AndroidPlayer\OpenJDK
JAVA_TOOL_OPTIONS=-Dfile.encoding=UTF-8
PATH=d:\devkitPro\msys2\usr\bin;C:\Program Files (x86)\Common Files\Intel\Shared Libraries\redist\intel64_win\compiler;C:\Program Files\Common Files\Oracle\Java\javapath;D:\Program Files (x86)\Unity\Plastic\server;D:\Program Files (x86)\Unity\Plastic\client;C:\Windows\system32;C:\Windows;C:\Windows\System32\Wbem;C:\Windows\System32\WindowsPowerShell\v1.0\;C:\Windows\System32\OpenSSH\;C:\Program Files\dotnet\;D:\Program Files (x86)\WorldPainter;C:\Program Files\NVIDIA Corporation\NVIDIA NvDLISR;C:\Program Files (x86)\NVIDIA Corporation\PhysX\Common;C:\Users\vlyon\AppData\Local\Microsoft\WindowsApps;;D:\Program Files (x86)\Microsoft VS Code\bin;C:\Users\vlyon\.dotnet\tools
USERNAME=vlyon
OS=Windows_NT
PROCESSOR_IDENTIFIER=AMD64 Family 23 Model 24 Stepping 1, AuthenticAMD



---------------  S Y S T E M  ---------------

OS: Windows 10.0 , 64 bit Build 22621 (10.0.22621.2215)

CPU:total 8 (initial active 8) (8 cores per cpu, 1 threads per core) family 23 model 24 stepping 1, cmov, cx8, fxsr, mmx, sse, sse2, sse3, ssse3, sse4.1, sse4.2, popcnt, avx, avx2, aes, clmul, mmxext, 3dnowpref, lzcnt, sse4a, tsc, tscinvbit, tscinv, bmi1

Memory: 4k page, physical 16686924k(5752120k free), swap 18784076k(5144k free)

vm_info: OpenJDK 64-Bit Server VM (25.71-b00) for windows-amd64 JRE (1.8.0-adoptopenjdk-_2018_05_19_00_59-b00), built on May 19 2018 01:02:12 by "jenkins" with MS VC++ 10.0 (VS2010)

time: Sat Oct 07 16:19:27 2023
elapsed time: 0 seconds (0d 0h 0m 0s)

